PRT1
84
228
4 0 7 (1097 0 356 ) (1033 0 356 ) (1033 0 -738 ) (1097 0 -738 ) 
4 0 6 (1489 0 356 ) (1097 0 356 ) (1097 0 -738 ) (1489 0 -738 ) 
4 0 9 (1033 0 356 ) (1024 0 356 ) (1024 0 -738 ) (1033 0 -738 ) 
4 0 5 (1024 0 -738 ) (1024 0 356 ) (1024 43 356 ) (1024 43 -738 ) 
4 0 2 (1024 43 356 ) (1024 107 356 ) (1024 107 -738 ) (1024 43 -738 ) 
4 0 1 (1024 107 356 ) (1024 192 356 ) (1024 192 -738 ) (1024 107 -738 ) 
4 1 52 (0 192 356 ) (0 192 -738 ) (0 107 -738 ) (0 107 356 ) 
4 1 4 (27 107 208 ) (0 107 208 ) (0 107 48 ) (27 107 48 ) 
4 1 2 (702 107 -738 ) (1024 107 -738 ) (1024 107 356 ) (702 107 356 ) 
4 1 3 (30 107 -738 ) (638 107 -738 ) (638 107 356 ) (30 107 356 ) 
4 2 5 (1024 43 -738 ) (1024 43 356 ) (702 43 356 ) (702 43 -738 ) 
4 3 5 (638 43 356 ) (30 43 356 ) (30 43 -738 ) (638 43 -738 ) 
4 4 55 (0 43 48 ) (0 43 208 ) (0 107 208 ) (0 107 48 ) 
4 4 5 (0 43 208 ) (0 43 48 ) (27 43 48 ) (27 43 208 ) 
4 5 58 (0 0 -738 ) (0 0 48 ) (0 43 48 ) (0 43 -738 ) 
4 5 55 (0 0 48 ) (0 0 208 ) (0 43 208 ) (0 43 48 ) 
4 5 53 (0 0 208 ) (0 0 356 ) (0 43 356 ) (0 43 208 ) 
4 5 16 (1024 0 -738 ) (1024 0 356 ) (0 0 356 ) (0 0 -738 ) 
4 6 12 (1097 -512 -738 ) (1152 -512 -738 ) (1152 -512 -642 ) (1097 -512 -642 ) 
4 6 11 (1152 -512 -738 ) (1489 -512 -738 ) (1489 -512 0 ) (1152 -512 0 ) 
4 6 10 (1489 -512 0 ) (1489 -512 356 ) (1097 -512 356 ) (1097 -512 0 ) 
4 6 7 (1097 0 -738 ) (1097 -96 -738 ) (1097 -96 356 ) (1097 0 356 ) 
4 6 8 (1097 -160 -738 ) (1097 -512 -738 ) (1097 -512 356 ) (1097 -160 356 ) 
4 7 9 (1033 0 -738 ) (1033 -96 -738 ) (1033 -96 356 ) (1033 0 356 ) 
4 8 12 (1033 -512 -738 ) (1097 -512 -738 ) (1097 -512 -642 ) (1033 -512 -642 ) 
4 8 10 (1097 -512 0 ) (1097 -512 356 ) (1033 -512 356 ) (1033 -512 0 ) 
4 8 9 (1033 -160 -738 ) (1033 -512 -738 ) (1033 -512 356 ) (1033 -160 356 ) 
4 9 17 (1024 -299 -738 ) (1024 -363 -738 ) (1024 -363 356 ) (1024 -299 356 ) 
4 9 19 (1024 -363 -738 ) (1024 -512 -738 ) (1024 -512 356 ) (1024 -363 356 ) 
4 9 16 (1024 0 356 ) (1024 0 -738 ) (1024 -299 -738 ) (1024 -299 356 ) 
4 9 12 (1024 -512 -738 ) (1033 -512 -738 ) (1033 -512 -642 ) (1024 -512 -642 ) 
4 9 10 (1033 -512 0 ) (1033 -512 356 ) (1024 -512 356 ) (1024 -512 0 ) 
4 10 20 (1024 -534 0 ) (1024 -534 356 ) (1024 -512 356 ) (1024 -512 0 ) 
4 10 14 (1152 -534 356 ) (1024 -534 356 ) (1024 -534 0 ) (1152 -534 0 ) 
4 10 13 (1489 -534 0 ) (1489 -534 356 ) (1152 -534 356 ) (1152 -534 0 ) 
4 10 11 (1489 -534 0 ) (1152 -534 0 ) (1152 -512 0 ) (1489 -512 0 ) 
4 11 13 (1152 -534 -738 ) (1489 -534 -738 ) (1489 -534 0 ) (1152 -534 0 ) 
4 11 12 (1152 -534 -738 ) (1152 -534 -642 ) (1152 -512 -642 ) (1152 -512 -738 ) 
4 12 44 (1024 -512 -738 ) (1024 -534 -738 ) (1024 -534 -642 ) (1024 -512 -642 ) 
4 12 15 (1024 -534 -738 ) (1152 -534 -738 ) (1152 -534 -642 ) (1024 -534 -642 ) 
4 13 45 (1152 -1024 -738 ) (1489 -1024 -738 ) (1489 -1024 356 ) (1152 -1024 356 ) 
4 13 14 (1152 -1024 356 ) (1152 -534 356 ) (1152 -534 0 ) (1152 -1024 0 ) 
4 13 15 (1152 -534 -22 ) (1152 -534 -738 ) (1152 -1024 -738 ) (1152 -1024 -22 ) 
4 14 46 (1024 -1024 356 ) (1024 -1024 0 ) (1152 -1024 0 ) (1152 -1024 356 ) 
4 14 23 (1024 -1024 0 ) (1024 -1024 356 ) (1024 -534 356 ) (1024 -534 0 ) 
4 15 47 (1024 -1024 -22 ) (1024 -1024 -738 ) (1152 -1024 -738 ) (1152 -1024 -22 ) 
4 15 44 (1024 -534 -738 ) (1024 -1024 -738 ) (1024 -1024 -642 ) (1024 -534 -642 ) 
4 15 37 (1024 -1024 -642 ) (1024 -1024 -522 ) (1024 -534 -522 ) (1024 -534 -642 ) 
4 15 34 (1024 -918 -394 ) (1024 -896 -394 ) (1024 -896 -522 ) (1024 -918 -522 ) 
4 15 35 (1024 -1024 -522 ) (1024 -1024 -394 ) (1024 -918 -394 ) (1024 -918 -522 ) 
4 15 32 (1024 -896 -394 ) (1024 -768 -394 ) (1024 -768 -522 ) (1024 -896 -522 ) 
4 15 29 (1024 -768 -394 ) (1024 -534 -394 ) (1024 -534 -522 ) (1024 -768 -522 ) 
4 15 26 (1024 -1024 -394 ) (1024 -1024 -372 ) (1024 -768 -372 ) (1024 -768 -394 ) 
4 15 25 (1024 -768 -372 ) (1024 -534 -372 ) (1024 -534 -394 ) (1024 -768 -394 ) 
4 15 24 (1024 -1024 -372 ) (1024 -1024 -22 ) (1024 -534 -22 ) (1024 -534 -372 ) 
4 16 62 (0 -299 356 ) (0 0 356 ) (0 0 -738 ) (0 -299 -738 ) 
4 16 18 (30 -299 -738 ) (638 -299 -738 ) (638 -299 356 ) (30 -299 356 ) 
4 16 17 (702 -299 -738 ) (1024 -299 -738 ) (1024 -299 356 ) (702 -299 356 ) 
4 17 19 (702 -363 -738 ) (1024 -363 -738 ) (1024 -363 356 ) (702 -363 356 ) 
4 18 19 (30 -363 -738 ) (638 -363 -738 ) (638 -363 356 ) (30 -363 356 ) 
4 19 65 (0 -512 -738 ) (0 -512 356 ) (0 -363 356 ) (0 -363 -738 ) 
4 19 44 (1024 -512 -738 ) (1024 -512 -642 ) (0 -512 -642 ) (0 -512 -738 ) 
4 19 31 (416 -512 -394 ) (288 -512 -394 ) (288 -512 -522 ) (416 -512 -522 ) 
4 19 22 (288 -512 356 ) (0 -512 356 ) (0 -512 0 ) (288 -512 0 ) 
4 19 21 (416 -512 356 ) (288 -512 356 ) (288 -512 0 ) (416 -512 0 ) 
4 19 20 (1024 -512 0 ) (1024 -512 356 ) (416 -512 356 ) (416 -512 0 ) 
4 20 23 (1024 -534 0 ) (1024 -534 356 ) (416 -534 356 ) (416 -534 0 ) 
4 20 21 (416 -512 356 ) (416 -512 0 ) (416 -534 0 ) (416 -534 356 ) 
4 21 23 (416 -534 0 ) (416 -534 356 ) (288 -534 356 ) (288 -534 0 ) 
4 21 22 (288 -512 356 ) (288 -512 0 ) (288 -534 0 ) (288 -534 356 ) 
4 22 66 (0 -512 356 ) (0 -512 0 ) (0 -534 0 ) (0 -534 356 ) 
4 22 23 (288 -534 0 ) (288 -534 356 ) (0 -534 356 ) (0 -534 0 ) 
4 23 69 (0 -1024 0 ) (0 -1024 356 ) (0 -534 356 ) (0 -534 0 ) 
4 23 49 (0 -1024 356 ) (0 -1024 0 ) (1024 -1024 0 ) (1024 -1024 356 ) 
4 24 71 (0 -1024 -372 ) (0 -1024 -22 ) (0 -534 -22 ) (0 -534 -372 ) 
4 24 50 (0 -1024 -22 ) (0 -1024 -372 ) (1024 -1024 -372 ) (1024 -1024 -22 ) 
4 24 27 (672 -1024 -372 ) (288 -1024 -372 ) (288 -896 -372 ) (672 -896 -372 ) 
4 24 26 (1024 -1024 -372 ) (672 -1024 -372 ) (672 -768 -372 ) (1024 -768 -372 ) 
4 24 25 (416 -534 -372 ) (1024 -534 -372 ) (1024 -768 -372 ) (416 -768 -372 ) 
4 24 28 (288 -1024 -372 ) (0 -1024 -372 ) (0 -534 -372 ) (288 -534 -372 ) 
4 25 30 (438 -534 -394 ) (672 -534 -394 ) (672 -746 -394 ) (438 -746 -394 ) 
4 25 29 (672 -534 -394 ) (1024 -534 -394 ) (1024 -768 -394 ) (672 -768 -394 ) 
4 25 26 (672 -768 -394 ) (1024 -768 -394 ) (1024 -768 -372 ) (672 -768 -372 ) 
4 26 50 (672 -1024 -394 ) (1024 -1024 -394 ) (1024 -1024 -372 ) (672 -1024 -372 ) 
4 26 34 (672 -918 -394 ) (672 -896 -394 ) (1024 -896 -394 ) (1024 -918 -394 ) 
4 26 35 (1024 -1024 -394 ) (672 -1024 -394 ) (672 -918 -394 ) (1024 -918 -394 ) 
4 26 32 (692 -768 -394 ) (1024 -768 -394 ) (1024 -896 -394 ) (692 -896 -394 ) 
4 26 27 (672 -896 -394 ) (672 -1024 -394 ) (672 -1024 -372 ) (672 -896 -372 ) 
4 27 50 (288 -1024 -394 ) (672 -1024 -394 ) (672 -1024 -372 ) (288 -1024 -372 ) 
4 27 35 (672 -1024 -394 ) (288 -1024 -394 ) (288 -918 -394 ) (672 -918 -394 ) 
4 27 28 (288 -1024 -372 ) (288 -896 -372 ) (288 -896 -394 ) (288 -1024 -394 ) 
4 28 71 (0 -1024 -394 ) (0 -1024 -372 ) (0 -534 -372 ) (0 -534 -394 ) 
4 28 50 (0 -1024 -372 ) (0 -1024 -394 ) (288 -1024 -394 ) (288 -1024 -372 ) 
4 28 36 (266 -1024 -394 ) (0 -1024 -394 ) (0 -534 -394 ) (266 -534 -394 ) 
4 28 35 (288 -1024 -394 ) (266 -1024 -394 ) (266 -918 -394 ) (288 -918 -394 ) 
4 29 37 (1024 -534 -522 ) (1024 -768 -522 ) (672 -768 -522 ) (672 -534 -522 ) 
4 29 32 (692 -768 -522 ) (1024 -768 -522 ) (1024 -768 -394 ) (692 -768 -394 ) 
4 29 30 (672 -534 -394 ) (672 -534 -522 ) (672 -746 -522 ) (672 -746 -394 ) 
4 30 38 (438 -746 -522 ) (438 -534 -522 ) (672 -534 -522 ) (672 -746 -522 ) 
4 31 33 (288 -768 -522 ) (416 -768 -522 ) (416 -768 -394 ) (288 -768 -394 ) 
4 32 37 (1024 -768 -522 ) (1024 -896 -522 ) (692 -896 -522 ) (692 -768 -522 ) 
4 32 34 (692 -896 -522 ) (1024 -896 -522 ) (1024 -896 -394 ) (692 -896 -394 ) 
4 34 37 (1024 -896 -522 ) (1024 -918 -522 ) (672 -918 -522 ) (672 -896 -522 ) 
4 34 35 (672 -918 -522 ) (1024 -918 -522 ) (1024 -918 -394 ) (672 -918 -394 ) 
4 35 50 (266 -1024 -522 ) (1024 -1024 -522 ) (1024 -1024 -394 ) (266 -1024 -394 ) 
4 35 43 (288 -1024 -522 ) (266 -1024 -522 ) (266 -918 -522 ) (288 -918 -522 ) 
4 35 41 (416 -1024 -522 ) (288 -1024 -522 ) (288 -918 -522 ) (416 -918 -522 ) 
4 35 40 (672 -1024 -522 ) (416 -1024 -522 ) (416 -918 -522 ) (672 -918 -522 ) 
4 35 37 (1024 -918 -522 ) (1024 -1024 -522 ) (672 -1024 -522 ) (672 -918 -522 ) 
4 35 36 (266 -918 -522 ) (266 -1024 -522 ) (266 -1024 -394 ) (266 -918 -394 ) 
4 36 71 (0 -1024 -522 ) (0 -1024 -394 ) (0 -534 -394 ) (0 -534 -522 ) 
4 36 50 (0 -1024 -394 ) (0 -1024 -522 ) (266 -1024 -522 ) (266 -1024 -394 ) 
4 36 43 (0 -1024 -522 ) (0 -534 -522 ) (266 -534 -522 ) (266 -1024 -522 ) 
4 37 50 (672 -1024 -642 ) (1024 -1024 -642 ) (1024 -1024 -522 ) (672 -1024 -522 ) 
4 37 44 (1024 -1024 -642 ) (672 -1024 -642 ) (672 -534 -642 ) (1024 -534 -642 ) 
4 37 39 (672 -768 -642 ) (672 -896 -642 ) (672 -896 -544 ) (672 -768 -544 ) 
4 37 38 (672 -534 -522 ) (672 -534 -642 ) (672 -768 -642 ) (672 -768 -522 ) 
4 37 40 (672 -896 -642 ) (672 -1024 -642 ) (672 -1024 -522 ) (672 -896 -522 ) 
4 38 44 (416 -768 -642 ) (416 -534 -642 ) (672 -534 -642 ) (672 -768 -642 ) 
4 38 42 (416 -534 -642 ) (416 -768 -642 ) (416 -768 -544 ) (416 -534 -544 ) 
4 38 39 (416 -768 -544 ) (416 -768 -642 ) (672 -768 -642 ) (672 -768 -544 ) 
4 39 44 (416 -896 -642 ) (416 -768 -642 ) (672 -768 -642 ) (672 -896 -642 ) 
4 39 42 (416 -768 -642 ) (416 -896 -642 ) (416 -896 -544 ) (416 -768 -544 ) 
4 39 40 (416 -896 -544 ) (416 -896 -642 ) (672 -896 -642 ) (672 -896 -544 ) 
4 40 50 (416 -1024 -642 ) (672 -1024 -642 ) (672 -1024 -522 ) (416 -1024 -522 ) 
4 40 44 (672 -1024 -642 ) (416 -1024 -642 ) (416 -896 -642 ) (672 -896 -642 ) 
4 40 42 (416 -896 -642 ) (416 -1024 -642 ) (416 -1024 -544 ) (416 -896 -544 ) 
4 40 41 (416 -1024 -544 ) (416 -1024 -522 ) (416 -896 -522 ) (416 -896 -544 ) 
4 41 50 (416 -1024 -544 ) (416 -1024 -522 ) (288 -1024 -522 ) (288 -1024 -544 ) 
4 41 43 (288 -1024 -544 ) (288 -1024 -522 ) (288 -896 -522 ) (288 -896 -544 ) 
4 41 42 (288 -1024 -544 ) (288 -896 -544 ) (416 -896 -544 ) (416 -1024 -544 ) 
4 42 50 (288 -1024 -642 ) (416 -1024 -642 ) (416 -1024 -544 ) (288 -1024 -544 ) 
4 42 44 (416 -1024 -642 ) (288 -1024 -642 ) (288 -534 -642 ) (416 -534 -642 ) 
4 42 43 (288 -534 -642 ) (288 -1024 -642 ) (288 -1024 -544 ) (288 -534 -544 ) 
4 43 71 (0 -1024 -642 ) (0 -1024 -522 ) (0 -534 -522 ) (0 -534 -642 ) 
4 43 50 (0 -1024 -522 ) (0 -1024 -642 ) (288 -1024 -642 ) (288 -1024 -522 ) 
4 43 44 (288 -1024 -642 ) (0 -1024 -642 ) (0 -534 -642 ) (288 -534 -642 ) 
4 44 71 (0 -1024 -738 ) (0 -1024 -642 ) (0 -534 -642 ) (0 -534 -738 ) 
4 44 67 (0 -534 -642 ) (0 -512 -642 ) (0 -512 -738 ) (0 -534 -738 ) 
4 44 50 (0 -1024 -642 ) (0 -1024 -738 ) (1024 -1024 -738 ) (1024 -1024 -642 ) 
4 45 46 (1152 -1151 0 ) (1152 -1151 356 ) (1152 -1024 356 ) (1152 -1024 0 ) 
4 45 47 (1152 -1024 -738 ) (1152 -1151 -738 ) (1152 -1151 -22 ) (1152 -1024 -22 ) 
4 45 48 (1152 -1151 -738 ) (1152 -1398 -738 ) (1152 -1398 356 ) (1152 -1151 356 ) 
4 46 49 (1024 -1024 356 ) (1024 -1024 0 ) (1024 -1151 0 ) (1024 -1151 356 ) 
4 46 48 (1152 -1151 0 ) (1152 -1151 356 ) (1024 -1151 356 ) (1024 -1151 0 ) 
4 47 50 (1024 -1024 -22 ) (1024 -1024 -738 ) (1024 -1151 -738 ) (1024 -1151 -22 ) 
4 47 48 (1024 -1151 -738 ) (1152 -1151 -738 ) (1152 -1151 -22 ) (1024 -1151 -22 ) 
4 48 51 (1024 -1151 -738 ) (1024 -1398 -738 ) (1024 -1398 0 ) (1024 -1151 0 ) 
4 48 49 (1024 -1398 0 ) (1024 -1398 356 ) (1024 -1151 356 ) (1024 -1151 0 ) 
4 49 76 (0 -1024 356 ) (0 -1024 0 ) (0 -1151 0 ) (0 -1151 356 ) 
4 49 77 (0 -1151 0 ) (0 -1398 0 ) (0 -1398 356 ) (0 -1151 356 ) 
4 49 51 (1024 -1398 0 ) (0 -1398 0 ) (0 -1151 0 ) (1024 -1151 0 ) 
4 50 79 (0 -1024 -22 ) (0 -1024 -738 ) (0 -1151 -738 ) (0 -1151 -22 ) 
4 50 51 (0 -1151 -738 ) (1024 -1151 -738 ) (1024 -1151 -22 ) (0 -1151 -22 ) 
4 51 79 (0 -1151 -738 ) (0 -1398 -738 ) (0 -1398 -22 ) (0 -1151 -22 ) 
4 51 77 (0 -1398 -22 ) (0 -1398 0 ) (0 -1151 0 ) (0 -1151 -22 ) 
4 52 60 (-1024 192 356 ) (-1024 192 -738 ) (-1024 107 -738 ) (-1024 107 356 ) 
4 52 59 (-1024 107 -738 ) (-34 107 -738 ) (-34 107 48 ) (-1024 107 48 ) 
4 52 55 (0 107 48 ) (0 107 208 ) (-31 107 208 ) (-31 107 48 ) 
4 52 57 (-34 107 208 ) (-1024 107 208 ) (-1024 107 48 ) (-34 107 48 ) 
4 52 54 (-34 107 356 ) (-1024 107 356 ) (-1024 107 208 ) (-34 107 208 ) 
4 53 62 (0 0 208 ) (0 0 356 ) (-34 0 356 ) (-34 0 208 ) 
4 53 56 (-31 0 208 ) (-34 0 208 ) (-34 43 208 ) (-31 43 208 ) 
4 53 55 (0 43 208 ) (0 0 208 ) (-31 0 208 ) (-31 43 208 ) 
4 53 54 (-34 43 208 ) (-34 0 208 ) (-34 0 356 ) (-34 43 356 ) 
4 54 62 (-34 0 356 ) (-1024 0 356 ) (-1024 0 208 ) (-34 0 208 ) 
4 54 60 (-1024 0 208 ) (-1024 0 356 ) (-1024 107 356 ) (-1024 107 208 ) 
4 54 57 (-1024 0 208 ) (-1024 107 208 ) (-34 107 208 ) (-34 0 208 ) 
4 55 62 (0 0 48 ) (0 0 208 ) (-31 0 208 ) (-31 0 48 ) 
4 55 58 (0 0 48 ) (-31 0 48 ) (-31 43 48 ) (0 43 48 ) 
4 55 56 (-31 43 48 ) (-31 0 48 ) (-31 0 208 ) (-31 43 208 ) 
4 56 62 (-31 0 208 ) (-34 0 208 ) (-34 0 48 ) (-31 0 48 ) 
4 56 58 (-31 0 48 ) (-34 0 48 ) (-34 43 48 ) (-31 43 48 ) 
4 56 57 (-34 43 48 ) (-34 0 48 ) (-34 0 208 ) (-34 43 208 ) 
4 57 62 (-34 0 208 ) (-1024 0 208 ) (-1024 0 48 ) (-34 0 48 ) 
4 57 60 (-1024 0 48 ) (-1024 0 208 ) (-1024 107 208 ) (-1024 107 48 ) 
4 57 59 (-34 0 48 ) (-1024 0 48 ) (-1024 107 48 ) (-34 107 48 ) 
4 58 62 (0 0 -738 ) (0 0 48 ) (-34 0 48 ) (-34 0 -738 ) 
4 58 59 (-34 0 48 ) (-34 43 48 ) (-34 43 -738 ) (-34 0 -738 ) 
4 59 62 (-34 0 48 ) (-1024 0 48 ) (-1024 0 -738 ) (-34 0 -738 ) 
4 59 60 (-1024 0 -738 ) (-1024 0 48 ) (-1024 107 48 ) (-1024 107 -738 ) 
4 60 74 (-1024 0 -738 ) (-1024 0 356 ) (-1120 0 356 ) (-1120 0 -738 ) 
4 61 75 (-1453 0 -505 ) (-1453 0 -377 ) (-1869 0 -377 ) (-1869 0 -505 ) 
4 62 74 (-1024 0 356 ) (-1024 0 -738 ) (-1024 -299 -738 ) (-1024 -299 356 ) 
4 62 63 (-642 -299 -738 ) (-34 -299 -738 ) (-34 -299 356 ) (-642 -299 356 ) 
4 62 64 (-1024 -299 -738 ) (-706 -299 -738 ) (-706 -299 356 ) (-1024 -299 356 ) 
4 63 65 (-642 -363 -738 ) (-34 -363 -738 ) (-34 -363 356 ) (-642 -363 356 ) 
4 64 74 (-1024 -299 -738 ) (-1024 -363 -738 ) (-1024 -363 356 ) (-1024 -299 356 ) 
4 64 65 (-1024 -363 -738 ) (-706 -363 -738 ) (-706 -363 356 ) (-1024 -363 356 ) 
4 65 74 (-1024 -363 -738 ) (-1024 -512 -738 ) (-1024 -512 356 ) (-1024 -363 356 ) 
4 65 67 (-256 -512 -738 ) (0 -512 -738 ) (0 -512 -642 ) (-256 -512 -642 ) 
4 65 68 (-1024 -512 -738 ) (-256 -512 -738 ) (-256 -512 0 ) (-1024 -512 0 ) 
4 65 66 (0 -512 0 ) (0 -512 356 ) (-1024 -512 356 ) (-1024 -512 0 ) 
4 66 74 (-1024 -534 0 ) (-1024 -534 356 ) (-1024 -512 356 ) (-1024 -512 0 ) 
4 66 69 (-256 -534 0 ) (0 -534 0 ) (0 -534 356 ) (-256 -534 356 ) 
4 66 70 (-1024 -534 356 ) (-1024 -534 0 ) (-256 -534 0 ) (-256 -534 356 ) 
4 66 68 (-256 -534 0 ) (-1024 -534 0 ) (-1024 -512 0 ) (-256 -512 0 ) 
4 67 72 (-256 -534 -738 ) (-234 -534 -738 ) (-234 -534 -642 ) (-256 -534 -642 ) 
4 67 71 (-234 -534 -738 ) (0 -534 -738 ) (0 -534 -642 ) (-234 -534 -642 ) 
4 67 68 (-256 -534 -738 ) (-256 -534 -642 ) (-256 -512 -642 ) (-256 -512 -738 ) 
4 68 74 (-1024 -512 -738 ) (-1024 -534 -738 ) (-1024 -534 0 ) (-1024 -512 0 ) 
4 68 73 (-1024 -534 -22 ) (-1024 -534 -738 ) (-256 -534 -738 ) (-256 -534 -22 ) 
4 68 70 (-1024 -534 0 ) (-1024 -534 -22 ) (-256 -534 -22 ) (-256 -534 0 ) 
4 69 76 (0 -1024 0 ) (0 -1024 356 ) (-256 -1024 356 ) (-256 -1024 0 ) 
4 69 70 (-256 -1024 0 ) (-256 -1024 356 ) (-256 -534 356 ) (-256 -534 0 ) 
4 70 78 (-256 -1024 356 ) (-1024 -1024 356 ) (-1024 -1024 -22 ) (-256 -1024 -22 ) 
4 70 74 (-1024 -1024 -22 ) (-1024 -1024 356 ) (-1024 -534 356 ) (-1024 -534 -22 ) 
4 70 73 (-256 -1024 -22 ) (-1024 -1024 -22 ) (-1024 -534 -22 ) (-256 -534 -22 ) 
4 71 79 (0 -1024 -738 ) (0 -1024 -22 ) (-234 -1024 -22 ) (-234 -1024 -738 ) 
4 71 72 (-234 -534 -642 ) (-234 -534 -738 ) (-234 -1024 -738 ) (-234 -1024 -642 ) 
4 72 80 (-256 -1024 -642 ) (-256 -1024 -738 ) (-234 -1024 -738 ) (-234 -1024 -642 ) 
4 72 73 (-256 -534 -642 ) (-256 -534 -738 ) (-256 -1024 -738 ) (-256 -1024 -642 ) 
4 73 82 (-256 -1024 -22 ) (-1024 -1024 -22 ) (-1024 -1024 -738 ) (-256 -1024 -738 ) 
4 73 74 (-1024 -1024 -738 ) (-1024 -1024 -22 ) (-1024 -534 -22 ) (-1024 -534 -738 ) 
4 74 83 (-1024 -1024 -738 ) (-1024 -1024 356 ) (-1120 -1024 356 ) (-1120 -1024 -738 ) 
4 76 77 (-256 -1151 356 ) (-256 -1151 0 ) (0 -1151 0 ) (0 -1151 356 ) 
4 76 78 (-256 -1151 0 ) (-256 -1151 356 ) (-256 -1024 356 ) (-256 -1024 0 ) 
4 77 81 (-234 -1398 -22 ) (-256 -1398 -22 ) (-256 -1151 -22 ) (-234 -1151 -22 ) 
4 77 79 (0 -1398 -22 ) (-234 -1398 -22 ) (-234 -1151 -22 ) (0 -1151 -22 ) 
4 77 78 (-256 -1151 -22 ) (-256 -1398 -22 ) (-256 -1398 356 ) (-256 -1151 356 ) 
4 78 83 (-1024 -1024 356 ) (-1024 -1024 -22 ) (-1024 -1398 -22 ) (-1024 -1398 356 ) 
4 78 82 (-256 -1398 -22 ) (-1024 -1398 -22 ) (-1024 -1024 -22 ) (-256 -1024 -22 ) 
4 79 80 (-234 -1024 -738 ) (-234 -1151 -738 ) (-234 -1151 -642 ) (-234 -1024 -642 ) 
4 79 81 (-234 -1151 -738 ) (-234 -1398 -738 ) (-234 -1398 -22 ) (-234 -1151 -22 ) 
4 80 81 (-256 -1151 -642 ) (-256 -1151 -738 ) (-234 -1151 -738 ) (-234 -1151 -642 ) 
4 80 82 (-256 -1024 -738 ) (-256 -1151 -738 ) (-256 -1151 -642 ) (-256 -1024 -642 ) 
4 81 82 (-256 -1151 -738 ) (-256 -1398 -738 ) (-256 -1398 -22 ) (-256 -1151 -22 ) 
4 82 83 (-1024 -1024 -22 ) (-1024 -1024 -738 ) (-1024 -1398 -738 ) (-1024 -1398 -22 ) 
