PRT1
170
384
4 0 9 (3080 2048 48 ) (3080 2048 176 ) (3072 2048 176 ) (3072 2048 48 ) 
4 0 1 (3072 2048 48 ) (3072 2048 176 ) (3072 2112 176 ) (3072 2112 48 ) 
4 1 27 (3072 2048 48 ) (3072 2048 144 ) (2792 2048 144 ) (2792 2048 48 ) 
4 1 20 (3072 2048 144 ) (3072 2048 176 ) (2920 2048 176 ) (2792 2048 144 ) 
4 1 3 (2792 2112 48 ) (2920 2112 48 ) (2920 2048 48 ) (2792 2048 48 ) 
4 1 2 (2792 2112 48 ) (2792 2048 48 ) (2792 2048 144 ) (2792 2112 144 ) 
4 2 27 (2376 2048 144 ) (2376 2048 48 ) (2792 2048 48 ) (2792 2048 144 ) 
4 2 23 (2792 2048 272 ) (2376 2048 272 ) (2376 2048 144 ) (2792 2048 144 ) 
4 2 3 (2376 2048 48 ) (2376 2112 48 ) (2792 2112 48 ) (2792 2048 48 ) 
4 3 28 (2376 2048 16 ) (2792 2048 16 ) (2920 2048 48 ) (2376 2048 48 ) 
4 4 5 (3482 1345 303 ) (3482 1599 303 ) (3482 1599 177 ) (3482 1345 177 ) 
4 5 6 (3464 1345 177 ) (3464 1345 303 ) (3464 1599 303 ) (3464 1599 177 ) 
4 6 73 (3336 1024 176 ) (3464 1024 176 ) (3464 1024 304 ) (3336 1024 304 ) 
4 6 10 (3464 1728 176 ) (3464 1024 176 ) (3336 1024 176 ) (3336 1728 176 ) 
4 6 7 (3336 1728 176 ) (3336 1024 176 ) (3336 1024 304 ) (3336 1728 304 ) 
4 7 83 (3072 1024 240 ) (3072 1024 176 ) (3304 1024 176 ) (3304 1024 240 ) 
4 7 79 (3304 1024 176 ) (3336 1024 176 ) (3336 1024 240 ) (3304 1024 240 ) 
4 7 78 (3072 1024 304 ) (3072 1024 240 ) (3336 1024 240 ) (3336 1024 304 ) 
4 7 22 (3072 1728 176 ) (3072 1024 176 ) (3072 1024 304 ) (3072 1728 304 ) 
4 7 11 (3336 1728 176 ) (3336 1024 176 ) (3072 1024 176 ) (3072 1728 176 ) 
4 8 10 (3336 1856 48 ) (3464 1856 48 ) (3464 1856 176 ) (3336 1856 176 ) 
4 8 9 (3080 1984 48 ) (3080 1856 48 ) (3080 1856 176 ) (3080 1984 176 ) 
4 9 29 (3072 1984 48 ) (3072 1856 48 ) (3072 1856 144 ) (3072 1984 144 ) 
4 9 27 (3072 2048 144 ) (3072 2048 48 ) (3072 1984 48 ) (3072 1984 144 ) 
4 9 21 (3072 1984 144 ) (3072 1856 144 ) (3072 1856 176 ) (3072 1984 176 ) 
4 9 20 (3072 2048 176 ) (3072 2048 144 ) (3072 1984 144 ) (3072 1984 176 ) 
4 10 75 (3336 1024 48 ) (3464 1024 48 ) (3464 1024 176 ) (3336 1024 176 ) 
4 10 12 (3464 1024 48 ) (3336 1024 48 ) (3336 1664 48 ) (3464 1664 48 ) 
4 10 11 (3336 1728 48 ) (3336 1024 48 ) (3336 1024 176 ) (3336 1728 176 ) 
4 11 83 (3072 1024 176 ) (3072 1024 48 ) (3304 1024 48 ) (3304 1024 176 ) 
4 11 81 (3304 1024 48 ) (3336 1024 48 ) (3336 1024 176 ) (3304 1024 176 ) 
4 11 42 (3072 1216 48 ) (3072 1024 48 ) (3072 1024 144 ) (3072 1216 144 ) 
4 11 33 (3072 1728 48 ) (3072 1664 48 ) (3072 1664 50.318470 ) (3072 1728 93.941132 ) 
3 11 34 (3072 1664 48 ) (3072 1660.598511 48 ) (3072 1664 50.318470 ) 
5 11 32 (3072 1660.598511 48 ) (3072 1216 48 ) (3072 1216 144 ) (3072 1728 144 ) (3072 1728 93.941132 ) 
4 11 22 (3072 1024 144 ) (3072 1024 176 ) (3072 1728 176 ) (3072 1728 144 ) 
4 11 17 (3176 1312 48 ) (3176 1536 48 ) (3240 1536 48 ) (3240 1312 48 ) 
4 11 18 (3240 1024 48 ) (3176 1024 48 ) (3176 1248 48 ) (3240 1248 48 ) 
4 11 16 (3176 1600 48 ) (3176 1664 48 ) (3240 1664 48 ) (3240 1600 48 ) 
4 11 19 (3176 1024 48 ) (3072 1024 48 ) (3072 1664 48 ) (3176 1664 48 ) 
4 11 14 (3240 1120 48 ) (3240 1376 48 ) (3304 1376 48 ) (3304 1120 48 ) 
4 11 15 (3304 1024 48 ) (3240 1024 48 ) (3240 1056 48 ) (3304 1056 48 ) 
4 11 13 (3240 1440 48 ) (3240 1664 48 ) (3304 1664 48 ) (3304 1440 48 ) 
4 11 12 (3336 1024 48 ) (3304 1024 48 ) (3304 1664 48 ) (3336 1664 48 ) 
4 12 84 (3464 1024 -240 ) (3464 1024 48 ) (3304 1024 48 ) (3304 1024 -240 ) 
4 12 14 (3304 1376 -240 ) (3304 1120 -240 ) (3304 1120 48 ) (3304 1376 48 ) 
4 12 15 (3304 1056 -240 ) (3304 1024 -240 ) (3304 1024 48 ) (3304 1056 48 ) 
4 12 13 (3304 1664 48 ) (3304 1664 -240 ) (3304 1440 -240 ) (3304 1440 48 ) 
4 13 17 (3240 1440 48 ) (3240 1536 48 ) (3240 1536 -240 ) (3240 1440 -240 ) 
4 13 16 (3240 1600 48 ) (3240 1664 48 ) (3240 1664 -240 ) (3240 1600 -240 ) 
4 14 17 (3240 1312 48 ) (3240 1376 48 ) (3240 1376 -240 ) (3240 1312 -240 ) 
4 14 18 (3240 1120 48 ) (3240 1248 48 ) (3240 1248 -240 ) (3240 1120 -240 ) 
4 15 84 (3304 1024 48 ) (3240 1024 48 ) (3240 1024 -240 ) (3304 1024 -240 ) 
4 15 18 (3240 1024 -240 ) (3240 1024 48 ) (3240 1056 48 ) (3240 1056 -240 ) 
4 16 19 (3176 1664 48 ) (3176 1664 -240 ) (3176 1600 -240 ) (3176 1600 48 ) 
4 17 19 (3176 1536 -240 ) (3176 1312 -240 ) (3176 1312 48 ) (3176 1536 48 ) 
4 18 84 (3240 1024 -240 ) (3240 1024 48 ) (3176 1024 48 ) (3176 1024 -240 ) 
4 18 19 (3176 1248 -240 ) (3176 1024 -240 ) (3176 1024 48 ) (3176 1248 48 ) 
4 19 84 (3176 1024 48 ) (3072 1024 48 ) (3072 1024 -240 ) (3176 1024 -240 ) 
4 19 54 (3072 1024 -240 ) (3072 1024 -112 ) (3072 1664 -112 ) (3072 1664 -240 ) 
4 19 43 (3072 1024 -112 ) (3072 1024 16 ) (3072 1664 16 ) (3072 1664 -112 ) 
4 19 42 (3072 1024 16 ) (3072 1024 48 ) (3072 1216 48 ) (3072 1216 16 ) 
4 19 34 (3072 1660.598511 48 ) (3072 1664 48 ) (3072 1664 16 ) (3072 1613.650391 16 ) 
4 19 32 (3072 1216 48 ) (3072 1660.598511 48 ) (3072 1613.650391 16 ) (3072 1216 16 ) 
4 20 27 (2792 1984 144 ) (2792 2048 144 ) (3072 2048 144 ) (3072 1984 144 ) 
4 20 21 (2952 1984 144 ) (3072 1984 144 ) (3072 1984 176 ) (2952 1984 176 ) 
4 21 29 (2952 1856 144 ) (2952 1984 144 ) (3072 1984 144 ) (3072 1856 144 ) 
4 22 97 (3072 1024 144 ) (3072 1024 304 ) (2952 1024 304 ) (2952 1024 144 ) 
4 22 42 (3072 1024 144 ) (2952 1024 144 ) (2952 1216 144 ) (3072 1216 144 ) 
4 22 32 (2952 1216 144 ) (2952 1728 144 ) (3072 1728 144 ) (3072 1216 144 ) 
4 23 41 (2792 1344 144 ) (2792 1216 144 ) (2376 1216 144 ) (2376 1344 144 ) 
4 23 40 (2792 1728 144 ) (2792 1344 144 ) (2376 1344 144 ) (2376 1728 144 ) 
4 23 31 (2792 1856 144 ) (2792 1728 144 ) (2376 1728 144 ) (2376 1856 144 ) 
4 23 30 (2792 1984 144 ) (2792 1856 144 ) (2376 1856 144 ) (2376 1984 144 ) 
4 23 27 (2376 2048 144 ) (2792 2048 144 ) (2792 1984 144 ) (2376 1984 144 ) 
4 23 24 (2504 1216 144 ) (2632 1216 144 ) (2632 1216 272 ) (2504 1216 272 ) 
4 24 25 (2512 1088 144 ) (2624 1088 144 ) (2624 1088 272 ) (2512 1088 272 ) 
4 25 26 (2512 1072 144 ) (2624 1072 144 ) (2624 1072 288 ) (2512 1072 288 ) 
4 26 98 (2424 1024 288 ) (2424 1024 144 ) (2648 1024 144 ) (2648 1024 288 ) 
4 27 30 (2792 1984 144 ) (2376 1984 144 ) (2376 1984 48 ) (2792 1984 48 ) 
4 27 29 (3072 1984 48 ) (3072 1984 144 ) (2952 1984 144 ) (2952 1984 48 ) 
4 27 28 (2920 1984 48 ) (2376 1984 48 ) (2376 2048 48 ) (2920 2048 48 ) 
4 28 30 (2376 1984 16 ) (2792 1984 16 ) (2792 1984 48 ) (2376 1984 48 ) 
4 30 53 (2376 1984 16 ) (2504 1984 16 ) (2504 1856 16 ) (2376 1856 16 ) 
4 30 50 (2504 1984 16 ) (2568 1984 16 ) (2568 1888 16 ) (2504 1888 16 ) 
4 30 48 (2568 1984 16 ) (2632 1984 16 ) (2632 1856 16 ) (2568 1856 16 ) 
4 30 47 (2632 1984 16 ) (2792 1984 16 ) (2792 1856 16 ) (2632 1856 16 ) 
4 30 31 (2376 1856 16 ) (2792 1856 16 ) (2792 1856 144 ) (2376 1856 144 ) 
4 31 53 (2376 1856 16 ) (2504 1856 16 ) (2504 1728 16 ) (2376 1728 16 ) 
4 31 51 (2568 1824 16 ) (2568 1728 16 ) (2504 1728 16 ) (2504 1824 16 ) 
4 31 48 (2568 1856 16 ) (2632 1856 16 ) (2632 1728 16 ) (2568 1728 16 ) 
4 31 47 (2632 1856 16 ) (2792 1856 16 ) (2792 1728 16 ) (2632 1728 16 ) 
4 31 40 (2376 1728 16 ) (2792 1728 16 ) (2792 1728 144 ) (2376 1728 144 ) 
4 32 45 (3032 1216 16 ) (2976 1216 16 ) (2976 1613.650391 16 ) (3032 1613.650391 16 ) 
4 32 43 (3072 1613.650391 16 ) (3072 1216 16 ) (3032 1216 16 ) (3032 1613.650391 16 ) 
4 32 46 (2976 1216 16 ) (2952 1216 16 ) (2952 1613.650391 16 ) (2976 1613.650391 16 ) 
4 32 42 (2952 1216 16 ) (3072 1216 16 ) (3072 1216 144 ) (2952 1216 144 ) 
4 32 38 (2952 1664 50.318840 ) (2952 1728 93.941406 ) (2976 1728 93.941406 ) (2976 1664 50.318840 ) 
4 32 39 (2976 1613.649780 16 ) (2952 1613.649780 16 ) (2952 1664 50.318840 ) (2976 1664 50.318840 ) 
4 32 35 (2976 1665 51 ) (2976 1728 93.941406 ) (3032 1728 93.941406 ) (3032 1665 51 ) 
4 32 33 (3032 1664 50.318840 ) (3032 1728 93.941406 ) (3072 1728 93.941406 ) (3072 1664 50.318840 ) 
4 32 34 (3072 1613.649780 16 ) (3032 1613.649780 16 ) (3032 1664 50.318840 ) (3072 1664 50.318840 ) 
3 33 36 (3032 1666 49.267895 ) (3032 1666.731934 48 ) (3032 1664.139893 48 ) 
4 33 35 (3032 1665 51 ) (3032 1728 93.941406 ) (3032 1728 48 ) (3032 1666.731934 48 ) 
4 33 34 (3032 1664 50.316406 ) (3032 1664 48 ) (3072 1664 48 ) (3072 1664 50.316410 ) 
4 34 43 (3072 1664 16 ) (3072 1613.650391 16 ) (3032 1613.650391 16 ) (3032 1664 16 ) 
3 34 37 (3032 1664 47.904648 ) (3032 1664 16 ) (3032 1617.191772 16 ) 
4 35 38 (2976 1665 51 ) (2976 1728 93.941406 ) (2976 1728 48 ) (2976 1666.732056 48 ) 
4 35 36 (3032 1666.732056 48 ) (3032 1666 49.267941 ) (2976 1666 49.267426 ) (2976 1666.730957 48 ) 
3 36 38 (2976 1666 49.267956 ) (2976 1666.732056 48 ) (2976 1664.139893 48 ) 
4 37 44 (3032 1664 16 ) (3032 1617.191650 16 ) (2976 1617.191650 16 ) (2976 1664 16 ) 
3 37 39 (2976 1664 47.904648 ) (2976 1664 16 ) (2976 1617.191772 16 ) 
4 38 39 (2976 1664 48 ) (2976 1664 50.320313 ) (2952 1664 50.320313 ) (2952 1664 48 ) 
4 39 46 (2976 1664 16 ) (2976 1613.650391 16 ) (2952 1613.650391 16 ) (2952 1664 16 ) 
4 40 53 (2376 1728 16 ) (2504 1728 16 ) (2504 1344 16 ) (2376 1344 16 ) 
4 40 52 (2568 1536 16 ) (2568 1472 16 ) (2504 1472 16 ) (2504 1536 16 ) 
4 40 51 (2504 1728 16 ) (2568 1728 16 ) (2568 1600 16 ) (2504 1600 16 ) 
4 40 49 (2632 1664 16 ) (2632 1472 16 ) (2568 1472 16 ) (2568 1664 16 ) 
4 40 47 (2632 1728 16 ) (2792 1728 16 ) (2792 1472 16 ) (2632 1472 16 ) 
4 40 41 (2376 1344 16 ) (2792 1344 16 ) (2792 1344 144 ) (2376 1344 144 ) 
4 42 97 (3072 1024 16 ) (3072 1024 144 ) (2952 1024 144 ) (2952 1024 16 ) 
4 42 45 (2976 1216 16 ) (3032 1216 16 ) (3032 1024 16 ) (2976 1024 16 ) 
4 42 43 (3032 1216 16 ) (3072 1216 16 ) (3072 1024 16 ) (3032 1024 16 ) 
4 42 46 (2952 1216 16 ) (2976 1216 16 ) (2976 1024 16 ) (2952 1024 16 ) 
4 43 106 (3072 1024 -112 ) (3072 1024 -96 ) (3032 1024 -96 ) (3032 1024 -112 ) 
4 43 97 (3072 1024 -96 ) (3072 1024 16 ) (3032 1024 16 ) (3032 1024 -96 ) 
4 43 54 (3072 1024 -112 ) (3032 1024 -112 ) (3032 1664 -112 ) (3072 1664 -112 ) 
4 43 45 (3032 1425.858032 -112 ) (3032 1024 -112 ) (3032 1024 16 ) (3032 1613.650391 16 ) 
4 43 44 (3032 1664 16 ) (3032 1664 -112 ) (3032 1429.399292 -112 ) (3032 1617.191650 16 ) 
4 44 55 (2976 1429.399292 -112 ) (2976 1664 -112 ) (3032 1664 -112 ) (3032 1429.399292 -112 ) 
4 44 46 (2976 1664 16 ) (2976 1664 -112 ) (2976 1429.399292 -112 ) (2976 1617.191650 16 ) 
4 45 107 (2976 1024 -96 ) (2976 1024 -112 ) (3004 1024 -112 ) (3004 1024 -96 ) 
4 45 106 (3004 1024 -112 ) (3032 1024 -112 ) (3032 1024 -96 ) (3004 1024 -96 ) 
4 45 97 (3032 1024 16 ) (2976 1024 16 ) (2976 1024 -96 ) (3032 1024 -96 ) 
4 45 56 (3032 1024 -112 ) (2976 1024 -112 ) (2976 1425.858032 -112 ) (3032 1425.858032 -112 ) 
4 45 46 (2976 1425.858032 -112 ) (2976 1024 -112 ) (2976 1024 16 ) (2976 1613.650391 16 ) 
4 46 107 (2952 1024 -96 ) (2952 1024 -112 ) (2976 1024 -112 ) (2976 1024 -96 ) 
4 46 97 (2976 1024 16 ) (2952 1024 16 ) (2952 1024 -96 ) (2976 1024 -96 ) 
4 46 58 (2976 1024 -112 ) (2952 1024 -112 ) (2952 1664 -112 ) (2976 1664 -112 ) 
4 47 59 (2632 1984 -112 ) (2792 1984 -112 ) (2792 1472 -112 ) (2632 1472 -112 ) 
4 47 48 (2632 1984 16 ) (2632 1984 -112 ) (2632 1728 -112 ) (2632 1728 16 ) 
4 47 49 (2632 1664 -112 ) (2632 1472 -112 ) (2632 1472 16 ) (2632 1664 16 ) 
4 48 60 (2568 1728 -112 ) (2568 1984 -112 ) (2632 1984 -112 ) (2632 1728 -112 ) 
4 48 50 (2568 1984 16 ) (2568 1984 -112 ) (2568 1888 -112 ) (2568 1888 16 ) 
4 48 51 (2568 1824 -112 ) (2568 1728 -112 ) (2568 1728 16 ) (2568 1824 16 ) 
4 49 61 (2568 1472 -112 ) (2568 1664 -112 ) (2632 1664 -112 ) (2632 1472 -112 ) 
4 49 52 (2568 1536 -112 ) (2568 1472 -112 ) (2568 1472 16 ) (2568 1536 16 ) 
4 49 51 (2568 1664 -112 ) (2568 1600 -112 ) (2568 1600 16 ) (2568 1664 16 ) 
4 50 62 (2504 1888 -112 ) (2504 1984 -112 ) (2568 1984 -112 ) (2568 1888 -112 ) 
4 50 53 (2504 1984 16 ) (2504 1984 -112 ) (2504 1888 -112 ) (2504 1888 16 ) 
4 51 63 (2504 1600 -112 ) (2504 1824 -112 ) (2568 1824 -112 ) (2568 1600 -112 ) 
4 51 53 (2504 1824 -112 ) (2504 1600 -112 ) (2504 1600 16 ) (2504 1824 16 ) 
4 52 64 (2504 1472 -112 ) (2504 1536 -112 ) (2568 1536 -112 ) (2568 1472 -112 ) 
4 52 53 (2504 1536 -112 ) (2504 1472 -112 ) (2504 1472 16 ) (2504 1536 16 ) 
4 53 65 (2376 1472 -112 ) (2376 1984 -112 ) (2504 1984 -112 ) (2504 1472 -112 ) 
4 54 110 (3072 1024 -240 ) (3072 1024 -224 ) (3032 1024 -224 ) (3032 1024 -240 ) 
4 54 106 (3072 1024 -224 ) (3072 1024 -112 ) (3032 1024 -112 ) (3032 1024 -224 ) 
4 54 57 (3032 1241.606689 -240 ) (3032 1238.065674 -240 ) (3032 1241 -238 ) (3032 1242 -239.731903 ) 
4 54 56 (3032 1238.065674 -240 ) (3032 1024 -240 ) (3032 1024 -112 ) (3032 1425.858032 -112 ) 
4 54 55 (3032 1664 -112 ) (3032 1664 -240 ) (3032 1241.606689 -240 ) (3032 1429.399292 -112 ) 
4 55 57 (2976 1242 -239.733643 ) (2976 1241.610229 -240 ) (3032 1241.609375 -240 ) (3032 1242 -239.733215 ) 
4 55 58 (2976 1664 -112 ) (2976 1664 -240 ) (2976 1241.606689 -240 ) (2976 1429.399292 -112 ) 
4 56 110 (2976 1024 -224 ) (2976 1024 -240 ) (3032 1024 -240 ) (3032 1024 -224 ) 
4 56 107 (3004 1024 -112 ) (2976 1024 -112 ) (2976 1024 -224 ) (3004 1024 -224 ) 
4 56 106 (3032 1024 -112 ) (3004 1024 -112 ) (3004 1024 -224 ) (3032 1024 -224 ) 
4 56 57 (2976 1238.070313 -240 ) (2976 1241.001343 -238.002167 ) (3032 1241 -238.001343 ) (3032 1238.068604 -240 ) 
4 56 58 (2976 1238.065674 -240 ) (2976 1024 -240 ) (2976 1024 -112 ) (2976 1425.858032 -112 ) 
4 57 58 (2976 1241.606689 -240 ) (2976 1238.065674 -240 ) (2976 1241 -238 ) (2976 1242 -239.731903 ) 
4 58 110 (2952 1024 -224 ) (2952 1024 -240 ) (2976 1024 -240 ) (2976 1024 -224 ) 
4 58 107 (2976 1024 -112 ) (2952 1024 -112 ) (2952 1024 -224 ) (2976 1024 -224 ) 
4 59 61 (2632 1664 -240 ) (2632 1472 -240 ) (2632 1472 -112 ) (2632 1664 -112 ) 
4 59 60 (2632 1984 -240 ) (2632 1728 -240 ) (2632 1728 -112 ) (2632 1984 -112 ) 
4 60 63 (2568 1824 -240 ) (2568 1728 -240 ) (2568 1728 -112 ) (2568 1824 -112 ) 
4 60 62 (2568 1984 -240 ) (2568 1888 -240 ) (2568 1888 -112 ) (2568 1984 -112 ) 
4 61 64 (2568 1536 -240 ) (2568 1472 -240 ) (2568 1472 -112 ) (2568 1536 -112 ) 
4 61 63 (2568 1664 -240 ) (2568 1600 -240 ) (2568 1600 -112 ) (2568 1664 -112 ) 
4 62 65 (2504 1984 -240 ) (2504 1888 -240 ) (2504 1888 -112 ) (2504 1984 -112 ) 
4 63 65 (2504 1824 -240 ) (2504 1600 -240 ) (2504 1600 -112 ) (2504 1824 -112 ) 
4 64 65 (2504 1536 -240 ) (2504 1472 -240 ) (2504 1472 -112 ) (2504 1536 -112 ) 
4 66 92 (3482 368 336 ) (3482 368 240 ) (3544 368 240 ) (3544 368 336 ) 
4 66 90 (3656 368 816 ) (3544 368 816 ) (3544 368 240 ) (3656 368 240 ) 
4 66 70 (3656 368 240 ) (3482 368 240 ) (3482 544 240 ) (3656 544 240 ) 
4 66 67 (3482 544 240 ) (3482 368 240 ) (3482 368 816 ) (3482 544 816 ) 
4 67 92 (3464 368 336 ) (3464 368 240 ) (3482 368 240 ) (3482 368 336 ) 
4 67 85 (3464 544 240 ) (3464 368 240 ) (3464 368 816 ) (3464 544 816 ) 
4 67 70 (3482 368 240 ) (3464 368 240 ) (3464 544 240 ) (3482 544 240 ) 
4 68 71 (3496 800 176 ) (3496 736 176 ) (3482 736 176 ) (3482 800 176 ) 
4 68 69 (3482 800 176 ) (3482 736 176 ) (3482 736 240 ) (3482 800 240 ) 
4 69 77 (3464 800 176 ) (3464 736 176 ) (3464 736 238 ) (3464 800 238 ) 
4 69 76 (3464 736 238 ) (3464 736 240 ) (3464 800 240 ) (3464 800 238 ) 
4 69 71 (3464 736 176 ) (3464 800 176 ) (3482 800 176 ) (3482 736 176 ) 
4 70 92 (3544 368 240 ) (3464 368 240 ) (3464 368 176 ) (3544 368 176 ) 
4 70 90 (3656 368 240 ) (3544 368 240 ) (3544 368 176 ) (3656 368 176 ) 
4 70 86 (3464 544 176 ) (3464 368 176 ) (3464 368 240 ) (3464 544 240 ) 
4 70 72 (3656 368 176 ) (3464 368 176 ) (3464 544 176 ) (3656 544 176 ) 
4 71 77 (3464 800 48 ) (3464 736 48 ) (3464 736 176 ) (3464 800 176 ) 
4 71 75 (3464 832 48 ) (3464 800 48 ) (3464 800 176 ) (3464 832 176 ) 
4 72 92 (3544 368 176 ) (3464 368 176 ) (3464 368 -848 ) (3544 368 -848 ) 
4 72 90 (3656 368 176 ) (3544 368 176 ) (3544 368 -848 ) (3656 368 -848 ) 
4 72 89 (3464 368 -848 ) (3464 368 -80 ) (3464 544 -80 ) (3464 544 -848 ) 
4 72 88 (3464 368 -80 ) (3464 368 176 ) (3464 544 176 ) (3464 544 -80 ) 
4 73 79 (3336 1024 240 ) (3336 1024 176 ) (3336 896 176 ) (3336 896 240 ) 
4 73 78 (3336 896 304 ) (3336 1024 304 ) (3336 1024 240 ) (3336 896 240 ) 
4 73 74 (3336 896 176 ) (3464 896 176 ) (3464 896 181 ) (3336 896 181 ) 
4 73 75 (3336 896 176 ) (3336 1024 176 ) (3464 1024 176 ) (3464 896 176 ) 
4 74 75 (3336 864 176 ) (3336 896 176 ) (3464 896 176 ) (3464 864 176 ) 
4 75 84 (3336 960 48 ) (3336 1024 48 ) (3464 1024 48 ) (3464 960 48 ) 
4 75 82 (3336 832 48 ) (3336 800 48 ) (3336 800 176 ) (3336 832 176 ) 
4 75 81 (3336 1024 48 ) (3336 896 48 ) (3336 896 176 ) (3336 1024 176 ) 
4 75 77 (3336 800 176 ) (3336 800 48 ) (3464 800 48 ) (3464 800 176 ) 
4 76 80 (3336 736 238 ) (3336 736 240 ) (3336 800 240 ) (3336 800 238 ) 
4 76 77 (3464 736 238 ) (3336 736 238 ) (3336 800 238 ) (3464 800 238 ) 
4 77 87 (3464 736 48 ) (3464 736 176 ) (3336 736 176 ) (3336 736 48 ) 
4 77 82 (3336 800 48 ) (3336 736 48 ) (3336 736 176 ) (3336 800 176 ) 
4 77 80 (3336 736 176 ) (3336 736 238 ) (3336 800 238 ) (3336 800 176 ) 
4 78 99 (3072 960 240 ) (3072 896 240 ) (3072 896 304 ) (3072 960 304 ) 
4 78 97 (3072 1024 304 ) (3072 1024 240 ) (3072 960 240 ) (3072 960 304 ) 
4 78 83 (3304 896 240 ) (3072 896 240 ) (3072 1024 240 ) (3304 1024 240 ) 
4 78 79 (3336 1024 240 ) (3336 896 240 ) (3304 896 240 ) (3304 1024 240 ) 
4 79 83 (3304 896 240 ) (3304 1024 240 ) (3304 1024 176 ) (3304 896 176 ) 
4 79 81 (3304 896 176 ) (3304 1024 176 ) (3336 1024 176 ) (3336 896 176 ) 
4 80 82 (3304 736 176 ) (3304 800 176 ) (3336 800 176 ) (3336 736 176 ) 
4 81 84 (3304 960 48 ) (3304 1024 48 ) (3336 1024 48 ) (3336 960 48 ) 
4 81 83 (3304 1024 48 ) (3304 896 48 ) (3304 896 176 ) (3304 1024 176 ) 
4 83 99 (3072 960 48 ) (3072 896 48 ) (3072 896 240 ) (3072 960 240 ) 
4 83 97 (3072 1024 240 ) (3072 1024 48 ) (3072 960 48 ) (3072 960 240 ) 
4 83 84 (3072 960 48 ) (3072 1024 48 ) (3304 1024 48 ) (3304 960 48 ) 
4 84 110 (3072 1024 -224 ) (3072 1024 -240 ) (3072 960 -240 ) (3072 960 -224 ) 
4 84 106 (3072 1024 -96 ) (3072 1024 -224 ) (3072 960 -224 ) (3072 960 -96 ) 
4 84 97 (3072 1024 48 ) (3072 1024 -96 ) (3072 960 -96 ) (3072 960 48 ) 
4 85 96 (3256 368 816 ) (3144 368 816 ) (3144 368 240 ) (3256 368 240 ) 
4 85 94 (3256 368 336 ) (3256 368 240 ) (3272 368 240 ) (3272 368 336 ) 
4 85 92 (3464 368 240 ) (3464 368 336 ) (3272 368 336 ) (3272 368 240 ) 
4 85 86 (3144 368 240 ) (3144 544 240 ) (3464 544 240 ) (3464 368 240 ) 
4 86 96 (3256 368 240 ) (3144 368 240 ) (3144 368 176 ) (3256 368 176 ) 
4 86 94 (3272 368 240 ) (3256 368 240 ) (3256 368 176 ) (3272 368 176 ) 
4 86 92 (3464 368 176 ) (3464 368 240 ) (3272 368 240 ) (3272 368 176 ) 
4 86 88 (3464 544 176 ) (3464 368 176 ) (3144 368 176 ) (3144 544 176 ) 
4 87 88 (3336 544 -80 ) (3464 544 -80 ) (3464 544 176 ) (3336 544 176 ) 
4 88 96 (3256 368 176 ) (3144 368 176 ) (3144 368 -80 ) (3256 368 -80 ) 
4 88 94 (3272 368 176 ) (3256 368 176 ) (3256 368 -80 ) (3272 368 -80 ) 
4 88 92 (3464 368 -80 ) (3464 368 176 ) (3272 368 176 ) (3272 368 -80 ) 
4 88 89 (3464 544 -80 ) (3464 368 -80 ) (3144 368 -80 ) (3144 544 -80 ) 
4 89 96 (3256 368 -80 ) (3144 368 -80 ) (3144 368 -848 ) (3256 368 -848 ) 
4 89 94 (3272 368 -80 ) (3256 368 -80 ) (3256 368 -848 ) (3272 368 -848 ) 
4 89 92 (3464 368 -848 ) (3464 368 -80 ) (3272 368 -80 ) (3272 368 -848 ) 
4 90 128 (3656 0 816 ) (3544 0 816 ) (3544 0 -848 ) (3656 0 -848 ) 
4 90 95 (3544 80 -848 ) (3544 0 -848 ) (3544 0 816 ) (3544 80 816 ) 
4 90 92 (3544 368 336 ) (3544 368 -848 ) (3544 80 -848 ) (3544 80 336 ) 
4 91 92 (3272 96 336 ) (3272 352 336 ) (3528 352 336 ) (3528 96 336 ) 
4 92 95 (3544 80 -848 ) (3544 80 336 ) (3272 80 336 ) (3272 80 -848 ) 
4 92 94 (3272 368 336 ) (3272 368 -848 ) (3272 80 -848 ) (3272 80 336 ) 
4 92 93 (3272 96 -848 ) (3272 352 -848 ) (3528 352 -848 ) (3528 96 -848 ) 
4 94 96 (3256 368 336 ) (3256 368 -848 ) (3256 80 -848 ) (3256 80 336 ) 
4 94 95 (3256 80 336 ) (3256 80 -848 ) (3272 80 -848 ) (3272 80 336 ) 
4 95 128 (3544 0 -848 ) (3544 0 816 ) (3256 0 816 ) (3256 0 -848 ) 
4 95 96 (3256 0 -848 ) (3256 0 816 ) (3256 80 816 ) (3256 80 -848 ) 
4 96 128 (3256 0 -848 ) (3256 0 816 ) (3144 0 816 ) (3144 0 -848 ) 
4 97 107 (2952 1024 -96 ) (3004 1024 -96 ) (3004 960 -96 ) (2952 960 -96 ) 
4 97 106 (3004 1024 -96 ) (3072 1024 -96 ) (3072 960 -96 ) (3004 960 -96 ) 
4 97 99 (3072 960 48 ) (3072 960 304 ) (2952 960 304 ) (2952 960 48 ) 
4 98 101 (2424 960 288 ) (2424 960 144 ) (2536 960 144 ) (2536 960 288 ) 
4 101 111 (2424 696 144 ) (2424 584 144 ) (2424 584 288 ) (2424 696 288 ) 
4 102 103 (2424 486 288 ) (2424 486 256 ) (2536 486 256 ) (2536 486 288 ) 
4 103 104 (2424 466 288 ) (2424 466 216 ) (2536 466 216 ) (2536 466 288 ) 
4 104 129 (2424 0 288 ) (2424 0 176 ) (2536 0 176 ) (2536 0 288 ) 
4 104 127 (2424 0 176 ) (2424 0 288 ) (2424 56 288 ) (2424 56 176 ) 
4 104 112 (2424 160 244 ) (2424 160 176 ) (2424 96 176 ) (2424 96 244 ) 
4 104 105 (2424 0 176 ) (2424 446 176 ) (2536 446 176 ) (2536 0 176 ) 
4 105 129 (2424 0 176 ) (2424 0 144 ) (2536 0 144 ) (2536 0 176 ) 
4 105 127 (2424 0 144 ) (2424 0 176 ) (2424 56 176 ) (2424 56 144 ) 
4 105 112 (2424 96 176 ) (2424 160 176 ) (2424 160 144 ) (2424 96 144 ) 
4 106 110 (3004 1024 -224 ) (3072 1024 -224 ) (3072 960 -224 ) (3004 960 -224 ) 
4 106 107 (3004 1024 -224 ) (3004 960 -224 ) (3004 960 -96 ) (3004 1024 -96 ) 
4 107 110 (2952 1024 -224 ) (3004 1024 -224 ) (3004 960 -224 ) (2952 960 -224 ) 
4 111 125 (2416 584 144 ) (2416 584 168 ) (2416 696 168 ) (2416 696 144 ) 
4 111 115 (2416 584 168 ) (2416 584 244 ) (2416 696 244 ) (2416 696 168 ) 
4 111 113 (2416 584 244 ) (2416 584 288 ) (2416 696 288 ) (2416 696 244 ) 
4 112 126 (2416 160 168 ) (2416 160 144 ) (2416 96 144 ) (2416 96 168 ) 
4 112 119 (2416 160 244 ) (2416 160 168 ) (2416 96 168 ) (2416 96 244 ) 
4 113 130 (2048 696 244 ) (2048 432 244 ) (2048 432 288 ) (2048 696 288 ) 
4 113 117 (2224 432 244 ) (2048 432 244 ) (2048 696 244 ) (2224 696 244 ) 
4 113 115 (2416 696 244 ) (2416 432 244 ) (2224 432 244 ) (2224 696 244 ) 
4 114 131 (2048 424 244 ) (2048 64 244 ) (2048 64 288 ) (2048 424 288 ) 
4 114 123 (2144 64 244 ) (2048 64 244 ) (2048 424 244 ) (2144 424 244 ) 
4 114 122 (2176 64 244 ) (2144 64 244 ) (2144 424 244 ) (2176 424 244 ) 
4 114 120 (2392 64 244 ) (2176 64 244 ) (2176 424 244 ) (2392 424 244 ) 
4 114 119 (2416 424 244 ) (2416 64 244 ) (2392 64 244 ) (2392 424 244 ) 
4 115 125 (2416 696 168 ) (2416 432 168 ) (2224 432 168 ) (2224 696 168 ) 
4 115 117 (2224 696 168 ) (2224 432 168 ) (2224 432 244 ) (2224 696 244 ) 
4 115 116 (2224 432 244 ) (2224 432 168 ) (2384 432 168 ) (2384 432 244 ) 
4 116 120 (2224 424 168 ) (2384 424 168 ) (2384 424 244 ) (2224 424 244 ) 
4 117 132 (2048 432 244 ) (2048 696 244 ) (2048 696 168 ) (2048 432 168 ) 
4 117 125 (2048 432 168 ) (2048 696 168 ) (2224 696 168 ) (2224 432 168 ) 
4 117 118 (2048 432 168 ) (2192 432 168 ) (2192 432 244 ) (2048 432 244 ) 
4 118 133 (2048 424 244 ) (2048 432 244 ) (2048 432 168 ) (2048 424 168 ) 
4 118 123 (2048 424 168 ) (2144 424 168 ) (2144 424 244 ) (2048 424 244 ) 
4 118 122 (2144 424 168 ) (2176 424 168 ) (2176 424 244 ) (2144 424 244 ) 
4 118 120 (2176 424 168 ) (2192 424 168 ) (2192 424 244 ) (2176 424 244 ) 
4 119 126 (2416 424 168 ) (2416 64 168 ) (2392 64 168 ) (2392 424 168 ) 
4 119 120 (2392 424 244 ) (2392 424 168 ) (2392 64 168 ) (2392 64 244 ) 
4 120 126 (2176 64 168 ) (2176 424 168 ) (2392 424 168 ) (2392 64 168 ) 
4 120 122 (2176 424 244 ) (2176 424 168 ) (2176 64 168 ) (2176 64 244 ) 
4 120 121 (2176 64 244 ) (2176 64 168 ) (2392 64 168 ) (2392 64 244 ) 
4 121 127 (2176 56 168 ) (2392 56 168 ) (2392 56 244 ) (2176 56 244 ) 
4 122 126 (2144 64 168 ) (2144 424 168 ) (2176 424 168 ) (2176 64 168 ) 
4 122 123 (2144 424 244 ) (2144 424 168 ) (2144 64 168 ) (2144 64 244 ) 
4 123 136 (2048 64 244 ) (2048 424 244 ) (2048 424 168 ) (2048 64 168 ) 
4 123 126 (2048 64 168 ) (2048 424 168 ) (2144 424 168 ) (2144 64 168 ) 
4 123 124 (2048 64 168 ) (2144 64 168 ) (2144 64 244 ) (2048 64 244 ) 
4 124 137 (2048 56 168 ) (2048 56 244 ) (2048 64 244 ) (2048 64 168 ) 
4 124 127 (2048 56 244 ) (2048 56 168 ) (2144 56 168 ) (2144 56 244 ) 
4 125 132 (2048 432 168 ) (2048 696 168 ) (2048 696 144 ) (2048 432 144 ) 
4 126 136 (2048 64 144 ) (2048 64 168 ) (2048 424 168 ) (2048 424 144 ) 
4 127 138 (2048 0 144 ) (2048 0 288 ) (2048 56 288 ) (2048 56 144 ) 
4 127 129 (2048 0 288 ) (2048 0 144 ) (2424 0 144 ) (2424 0 288 ) 
4 129 152 (2048 -56 144 ) (2048 -56 288 ) (2048 0 288 ) (2048 0 144 ) 
4 130 132 (1896 432 244 ) (1896 696 244 ) (2048 696 244 ) (2048 432 244 ) 
4 131 136 (2048 64 244 ) (1896 64 244 ) (1896 424 244 ) (2048 424 244 ) 
4 132 135 (1936 432 144 ) (2000 432 144 ) (2000 432 168 ) (1936 432 168 ) 
4 132 134 (2000 432 244 ) (1936 432 244 ) (1936 432 168 ) (2000 432 168 ) 
4 132 133 (2048 432 244 ) (2032 432 244 ) (2032 432 168 ) (2048 432 168 ) 
4 133 136 (2048 424 168 ) (2048 424 244 ) (2032 424 244 ) (2032 424 168 ) 
4 134 135 (2000 424 168 ) (1936 424 168 ) (1936 432 168 ) (2000 432 168 ) 
4 134 136 (2000 424 244 ) (1936 424 244 ) (1936 424 168 ) (2000 424 168 ) 
4 135 136 (1936 424 144 ) (2000 424 144 ) (2000 424 168 ) (1936 424 168 ) 
4 136 137 (1928 64 168 ) (2048 64 168 ) (2048 64 244 ) (1928 64 244 ) 
4 137 138 (1928 56 168 ) (2048 56 168 ) (2048 56 244 ) (1928 56 244 ) 
4 138 152 (2048 0 144 ) (2048 0 288 ) (1896 0 288 ) (1896 0 144 ) 
4 138 139 (1896 0 144 ) (1896 0 288 ) (1896 56 288 ) (1896 56 144 ) 
3 139 152 (1896 0 144 ) (1896 0 288 ) (1608 0 144 ) 
4 139 140 (1608 56 144 ) (1896 56 144 ) (1896 0 144 ) (1608 0 144 ) 
4 140 153 (1896 0 144 ) (1600 0 144 ) (1600 0 0 ) (1608 0 0 ) 
4 140 141 (1600 0 0 ) (1600 0 144 ) (1600 56 144 ) (1600 56 0 ) 
4 141 153 (1600 0 0 ) (1600 0 144 ) (1024 0 144 ) (1024 0 0 ) 
4 141 149 (1024 0 0 ) (1024 0 144 ) (1024 128 144 ) (1024 128 0 ) 
4 141 146 (1024 128 144 ) (1024 320 144 ) (1024 320 0 ) (1024 128 0 ) 
4 142 145 (88 80 1648 ) (88 324 1648 ) (88 324 1136 ) (88 80 1136 ) 
4 142 144 (88 80 1648 ) (88 80 1136 ) (324 80 1136 ) (324 80 1648 ) 
4 143 144 (88 80 588 ) (88 80 152 ) (324 80 152 ) (324 80 588 ) 
4 143 145 (88 324 588 ) (88 324 152 ) (88 80 152 ) (88 80 588 ) 
4 144 155 (88 0 152 ) (324 0 152 ) (324 0 1648 ) (88 0 1648 ) 
4 144 145 (88 0 1648 ) (88 80 1648 ) (88 80 152 ) (88 0 152 ) 
4 145 162 (0 0 152 ) (0 0 1648 ) (0 324 1648 ) (0 324 152 ) 
4 145 155 (0 0 1648 ) (0 0 152 ) (88 0 152 ) (88 0 1648 ) 
4 145 148 (52 0 152 ) (0 0 152 ) (0 52 152 ) (52 52 152 ) 
4 146 149 (960 128 144 ) (960 128 0 ) (1024 128 0 ) (1024 128 144 ) 
4 147 164 (0 128 0 ) (0 128 144 ) (0 320 144 ) (0 320 0 ) 
4 147 151 (0 128 144 ) (0 128 0 ) (320 128 0 ) (320 128 144 ) 
4 148 163 (0 0 144 ) (0 0 152 ) (0 52 152 ) (0 52 144 ) 
4 148 156 (52 0 152 ) (0 0 152 ) (0 0 144 ) (52 0 144 ) 
4 148 151 (52 52 144 ) (52 0 144 ) (0 0 144 ) (0 52 144 ) 
4 149 157 (1024 0 0 ) (1024 0 144 ) (640 0 144 ) (640 0 0 ) 
4 149 150 (640 0 144 ) (640 128 144 ) (640 128 0 ) (640 0 0 ) 
4 150 158 (640 0 -568 ) (640 0 144 ) (512 0 144 ) (512 0 -568 ) 
4 150 151 (512 0 0 ) (512 0 144 ) (512 128 144 ) (512 128 0 ) 
4 151 164 (0 0 0 ) (0 0 144 ) (0 128 144 ) (0 128 0 ) 
4 151 159 (512 0 0 ) (512 0 144 ) (0 0 144 ) (0 0 0 ) 
4 152 153 (1896 -56 144 ) (1608 -56 144 ) (1608 0 144 ) (1896 0 144 ) 
4 153 157 (1024 -56 0 ) (1024 -56 144 ) (1024 0 144 ) (1024 0 0 ) 
4 153 154 (1600 -56 144 ) (1024 -56 144 ) (1024 -56 0 ) (1600 -56 0 ) 
4 154 160 (1024 -320 0 ) (1024 -320 144 ) (1024 -128 144 ) (1024 -128 0 ) 
4 154 157 (1024 -128 144 ) (1024 -56 144 ) (1024 -56 0 ) (1024 -128 0 ) 
4 155 165 (0 0 1648 ) (0 0 152 ) (0 -324 152 ) (0 -324 1648 ) 
4 155 156 (0 0 152 ) (52 0 152 ) (52 -52 152 ) (0 -52 152 ) 
4 156 168 (0 -52 152 ) (0 0 152 ) (0 0 144 ) (0 -52 144 ) 
4 156 159 (0 -52 144 ) (0 0 144 ) (52 0 144 ) (52 -52 144 ) 
4 157 160 (1024 -128 0 ) (1024 -128 144 ) (960 -128 144 ) (960 -128 0 ) 
4 157 158 (640 -128 0 ) (640 -128 144 ) (640 0 144 ) (640 0 0 ) 
4 158 159 (512 -128 0 ) (512 -128 144 ) (512 0 144 ) (512 0 0 ) 
4 159 169 (0 -128 0 ) (0 -128 144 ) (0 0 144 ) (0 0 0 ) 
4 159 161 (320 -128 144 ) (0 -128 144 ) (0 -128 0 ) (320 -128 0 ) 
4 161 169 (0 -320 0 ) (0 -320 144 ) (0 -128 144 ) (0 -128 0 ) 
4 162 166 (-88 0 1648 ) (-324 0 1648 ) (-324 0 152 ) (-88 0 152 ) 
4 162 165 (0 0 152 ) (0 0 1648 ) (-88 0 1648 ) (-88 0 152 ) 
4 162 163 (0 0 152 ) (-52 0 152 ) (-52 52 152 ) (0 52 152 ) 
4 163 168 (0 0 144 ) (0 0 152 ) (-52 0 152 ) (-52 0 144 ) 
4 163 164 (0 52 144 ) (0 0 144 ) (-52 0 144 ) (-52 52 144 ) 
4 164 169 (0 0 0 ) (0 0 144 ) (-320 0 144 ) (-320 0 0 ) 
4 165 168 (-52 0 152 ) (0 0 152 ) (0 -52 152 ) (-52 -52 152 ) 
4 165 167 (-88 -324 700 ) (-88 -324 1648 ) (-88 -80 1648 ) (-88 -80 700 ) 
4 165 166 (-88 0 152 ) (-88 -80 152 ) (-88 -80 1648 ) (-88 0 1648 ) 
4 166 167 (-88 -80 700 ) (-88 -80 1648 ) (-324 -80 1648 ) (-324 -80 700 ) 
4 168 169 (-52 -52 144 ) (-52 0 144 ) (0 0 144 ) (0 -52 144 ) 
